# JRE version: OpenJDK Runtime Environment (8.0_152-b01) (build 1.8.0_152-release-1343-b01)
# Java VM: OpenJDK 64-Bit Server VM (25.152-b01 mixed mode windows-amd64 compressed oops)
Heap:
 PSYoungGen      total 152576K, used 1480K [0x00000000e0000000, 0x00000000ea400000, 0x0000000100000000)
  eden space 138752K, 0% used [0x00000000e0000000,0x00000000e0000000,0x00000000e8780000)
  from space 13824K, 10% used [0x00000000e8900000,0x00000000e8a72250,0x00000000e9680000)
  to   space 11776K, 0% used [0x00000000e9880000,0x00000000e9880000,0x00000000ea400000)
 ParOldGen       total 84992K, used 26423K [0x00000000a0000000, 0x00000000a5300000, 0x00000000e0000000)
  object space 84992K, 31% used [0x00000000a0000000,0x00000000a19cdeb8,0x00000000a5300000)
 Metaspace       used 45480K, capacity 46542K, committed 46720K, reserved 1093632K
  class space    used 6117K, capacity 6418K, committed 6528K, reserved 1048576K
GC Heap History (10 events):
Event: 13.544 GC heap after
Heap after GC invocations=9 (full 1):
 PSYoungGen      total 116224K, used 8839K [0x00000000e0000000, 0x00000000e7e00000, 0x0000000100000000)
  eden space 106496K, 0% used [0x00000000e0000000,0x00000000e0000000,0x00000000e6800000)
  from space 9728K, 90% used [0x00000000e7480000,0x00000000e7d21d60,0x00000000e7e00000)
  to   space 11264K, 0% used [0x00000000e6800000,0x00000000e6800000,0x00000000e7300000)
 ParOldGen       total 56320K, used 8263K [0x00000000a0000000, 0x00000000a3700000, 0x00000000e0000000)
  object space 56320K, 14% used [0x00000000a0000000,0x00000000a0811cf0,0x00000000a3700000)
 Metaspace       used 31807K, capacity 32324K, committed 32512K, reserved 1077248K
  class space    used 4375K, capacity 4554K, committed 4608K, reserved 1048576K
}
Event: 15.475 GC heap before
{Heap before GC invocations=10 (full 1):
 PSYoungGen      total 116224K, used 60352K [0x00000000e0000000, 0x00000000e7e00000, 0x0000000100000000)
  eden space 106496K, 48% used [0x00000000e0000000,0x00000000e324e3e8,0x00000000e6800000)
  from space 9728K, 90% used [0x00000000e7480000,0x00000000e7d21d60,0x00000000e7e00000)
  to   space 11264K, 0% used [0x00000000e6800000,0x00000000e6800000,0x00000000e7300000)
 ParOldGen       total 56320K, used 8263K [0x00000000a0000000, 0x00000000a3700000, 0x00000000e0000000)
  object space 56320K, 14% used [0x00000000a0000000,0x00000000a0811cf0,0x00000000a3700000)
 Metaspace       used 34718K, capacity 35396K, committed 35456K, reserved 1079296K
  class space    used 4779K, capacity 4985K, committed 4992K, reserved 1048576K
Event: 15.494 GC heap after
Heap after GC invocations=10 (full 1):
 PSYoungGen      total 117760K, used 10187K [0x00000000e0000000, 0x00000000ea400000, 0x0000000100000000)
  eden space 106496K, 0% used [0x00000000e0000000,0x00000000e0000000,0x00000000e6800000)
  from space 11264K, 90% used [0x00000000e6800000,0x00000000e71f2f90,0x00000000e7300000)
  to   space 11776K, 0% used [0x00000000e9880000,0x00000000e9880000,0x00000000ea400000)
 ParOldGen       total 56320K, used 8271K [0x00000000a0000000, 0x00000000a3700000, 0x00000000e0000000)
  object space 56320K, 14% used [0x00000000a0000000,0x00000000a0813cf0,0x00000000a3700000)
 Metaspace       used 34718K, capacity 35396K, committed 35456K, reserved 1079296K
  class space    used 4779K, capacity 4985K, committed 4992K, reserved 1048576K
}
Event: 15.494 GC heap before
{Heap before GC invocations=11 (full 2):
 PSYoungGen      total 117760K, used 10187K [0x00000000e0000000, 0x00000000ea400000, 0x0000000100000000)
  eden space 106496K, 0% used [0x00000000e0000000,0x00000000e0000000,0x00000000e6800000)
  from space 11264K, 90% used [0x00000000e6800000,0x00000000e71f2f90,0x00000000e7300000)
  to   space 11776K, 0% used [0x00000000e9880000,0x00000000e9880000,0x00000000ea400000)
 ParOldGen       total 56320K, used 8271K [0x00000000a0000000, 0x00000000a3700000, 0x00000000e0000000)
  object space 56320K, 14% used [0x00000000a0000000,0x00000000a0813cf0,0x00000000a3700000)
 Metaspace       used 34718K, capacity 35396K, committed 35456K, reserved 1079296K
  class space    used 4779K, capacity 4985K, committed 4992K, reserved 1048576K
Event: 15.616 GC heap after
Heap after GC invocations=11 (full 2):
 PSYoungGen      total 117760K, used 0K [0x00000000e0000000, 0x00000000ea400000, 0x0000000100000000)
  eden space 106496K, 0% used [0x00000000e0000000,0x00000000e0000000,0x00000000e6800000)
  from space 11264K, 0% used [0x00000000e6800000,0x00000000e6800000,0x00000000e7300000)
  to   space 11776K, 0% used [0x00000000e9880000,0x00000000e9880000,0x00000000ea400000)
 ParOldGen       total 84992K, used 17067K [0x00000000a0000000, 0x00000000a5300000, 0x00000000e0000000)
  object space 84992K, 20% used [0x00000000a0000000,0x00000000a10aad98,0x00000000a5300000)
 Metaspace       used 34714K, capacity 35384K, committed 35456K, reserved 1079296K
  class space    used 4778K, capacity 4983K, committed 4992K, reserved 1048576K
}
Event: 18.964 GC heap before
{Heap before GC invocations=12 (full 2):
 PSYoungGen      total 117760K, used 106496K [0x00000000e0000000, 0x00000000ea400000, 0x0000000100000000)
  eden space 106496K, 100% used [0x00000000e0000000,0x00000000e6800000,0x00000000e6800000)
  from space 11264K, 0% used [0x00000000e6800000,0x00000000e6800000,0x00000000e7300000)
  to   space 11776K, 0% used [0x00000000e9880000,0x00000000e9880000,0x00000000ea400000)
 ParOldGen       total 84992K, used 17067K [0x00000000a0000000, 0x00000000a5300000, 0x00000000e0000000)
  object space 84992K, 20% used [0x00000000a0000000,0x00000000a10aad98,0x00000000a5300000)
 Metaspace       used 45113K, capacity 46046K, committed 46336K, reserved 1089536K
  class space    used 6057K, capacity 6316K, committed 6400K, reserved 1048576K
Event: 18.994 GC heap after
Heap after GC invocations=12 (full 2):
 PSYoungGen      total 150528K, used 11753K [0x00000000e0000000, 0x00000000ea400000, 0x0000000100000000)
  eden space 138752K, 0% used [0x00000000e0000000,0x00000000e0000000,0x00000000e8780000)
  from space 11776K, 99% used [0x00000000e9880000,0x00000000ea3fa430,0x00000000ea400000)
  to   space 13824K, 0% used [0x00000000e8900000,0x00000000e8900000,0x00000000e9680000)
 ParOldGen       total 84992K, used 19655K [0x00000000a0000000, 0x00000000a5300000, 0x00000000e0000000)
  object space 84992K, 23% used [0x00000000a0000000,0x00000000a1331e20,0x00000000a5300000)
 Metaspace       used 45113K, capacity 46046K, committed 46336K, reserved 1089536K
  class space    used 6057K, capacity 6316K, committed 6400K, reserved 1048576K
}
Event: 19.304 GC heap before
{Heap before GC invocations=13 (full 2):
 PSYoungGen      total 150528K, used 29987K [0x00000000e0000000, 0x00000000ea400000, 0x0000000100000000)
  eden space 138752K, 13% used [0x00000000e0000000,0x00000000e11cea68,0x00000000e8780000)
  from space 11776K, 99% used [0x00000000e9880000,0x00000000ea3fa430,0x00000000ea400000)
  to   space 13824K, 0% used [0x00000000e8900000,0x00000000e8900000,0x00000000e9680000)
 ParOldGen       total 84992K, used 19655K [0x00000000a0000000, 0x00000000a5300000, 0x00000000e0000000)
  object space 84992K, 23% used [0x00000000a0000000,0x00000000a1331e20,0x00000000a5300000)
 Metaspace       used 45480K, capacity 46542K, committed 46720K, reserved 1093632K
  class space    used 6117K, capacity 6418K, committed 6528K, reserved 1048576K
Event: 19.338 GC heap after
Heap after GC invocations=13 (full 2):
 PSYoungGen      total 152576K, used 1480K [0x00000000e0000000, 0x00000000ea400000, 0x0000000100000000)
  eden space 138752K, 0% used [0x00000000e0000000,0x00000000e0000000,0x00000000e8780000)
  from space 13824K, 10% used [0x00000000e8900000,0x00000000e8a72250,0x00000000e9680000)
  to   space 11776K, 0% used [0x00000000e9880000,0x00000000e9880000,0x00000000ea400000)
 ParOldGen       total 84992K, used 26423K [0x00000000a0000000, 0x00000000a5300000, 0x00000000e0000000)
  object space 84992K, 31% used [0x00000000a0000000,0x00000000a19cdeb8,0x00000000a5300000)
 Metaspace       used 45480K, capacity 46542K, committed 46720K, reserved 1093632K
  class space    used 6117K, capacity 6418K, committed 6528K, reserved 1048576K
}
Event: 19.338 GC heap before
{Heap before GC invocations=14 (full 3):
 PSYoungGen      total 152576K, used 1480K [0x00000000e0000000, 0x00000000ea400000, 0x0000000100000000)
  eden space 138752K, 0% used [0x00000000e0000000,0x00000000e0000000,0x00000000e8780000)
  from space 13824K, 10% used [0x00000000e8900000,0x00000000e8a72250,0x00000000e9680000)
  to   space 11776K, 0% used [0x00000000e9880000,0x00000000e9880000,0x00000000ea400000)
 ParOldGen       total 84992K, used 26423K [0x00000000a0000000, 0x00000000a5300000, 0x00000000e0000000)
  object space 84992K, 31% used [0x00000000a0000000,0x00000000a19cdeb8,0x00000000a5300000)
 Metaspace       used 45480K, capacity 46542K, committed 46720K, reserved 1093632K
  class space    used 6117K, capacity 6418K, committed 6528K, reserved 1048576K

