# JRE version: OpenJDK Runtime Environment (8.0_152-b01) (build 1.8.0_152-release-1343-b01)
# Java VM: OpenJDK 64-Bit Server VM (25.152-b01 mixed mode windows-amd64 compressed oops)
Heap:
 PSYoungGen      total 122880K, used 77215K [0x00000000e0000000, 0x00000000ea480000, 0x0000000100000000)
  eden space 93696K, 51% used [0x00000000e0000000,0x00000000e2f07718,0x00000000e5b80000)
  from space 29184K, 99% used [0x00000000e8800000,0x00000000ea4608a0,0x00000000ea480000)
  to   space 37376K, 0% used [0x00000000e5b80000,0x00000000e5b80000,0x00000000e8000000)
 ParOldGen       total 131584K, used 45510K [0x00000000a0000000, 0x00000000a8080000, 0x00000000e0000000)
  object space 131584K, 34% used [0x00000000a0000000,0x00000000a2c71a00,0x00000000a8080000)
 Metaspace       used 50905K, capacity 51915K, committed 52264K, reserved 1095680K
  class space    used 6359K, capacity 6616K, committed 6696K, reserved 1048576K
GC Heap History (10 events):
Event: 30.943 GC heap before
{Heap before GC invocations=9 (full 3):
 PSYoungGen      total 53760K, used 480K [0x00000000e0000000, 0x00000000e6180000, 0x0000000100000000)
  eden space 53248K, 0% used [0x00000000e0000000,0x00000000e0000000,0x00000000e3400000)
  from space 512K, 93% used [0x00000000e4500000,0x00000000e4578010,0x00000000e4580000)
  to   space 17408K, 0% used [0x00000000e3400000,0x00000000e3400000,0x00000000e4500000)
 ParOldGen       total 72704K, used 35037K [0x00000000a0000000, 0x00000000a4700000, 0x00000000e0000000)
  object space 72704K, 48% used [0x00000000a0000000,0x00000000a2237648,0x00000000a4700000)
 Metaspace       used 34627K, capacity 35171K, committed 35496K, reserved 1079296K
  class space    used 4469K, capacity 4660K, committed 4776K, reserved 1048576K
Event: 31.200 GC heap after
Heap after GC invocations=9 (full 3):
 PSYoungGen      total 53760K, used 0K [0x00000000e0000000, 0x00000000e6180000, 0x0000000100000000)
  eden space 53248K, 0% used [0x00000000e0000000,0x00000000e0000000,0x00000000e3400000)
  from space 512K, 0% used [0x00000000e4500000,0x00000000e4500000,0x00000000e4580000)
  to   space 17408K, 0% used [0x00000000e3400000,0x00000000e3400000,0x00000000e4500000)
 ParOldGen       total 131584K, used 22585K [0x00000000a0000000, 0x00000000a8080000, 0x00000000e0000000)
  object space 131584K, 17% used [0x00000000a0000000,0x00000000a160e4e0,0x00000000a8080000)
 Metaspace       used 34627K, capacity 35171K, committed 35496K, reserved 1079296K
  class space    used 4469K, capacity 4660K, committed 4776K, reserved 1048576K
}
Event: 33.412 GC heap before
{Heap before GC invocations=10 (full 3):
 PSYoungGen      total 53760K, used 53248K [0x00000000e0000000, 0x00000000e6180000, 0x0000000100000000)
  eden space 53248K, 100% used [0x00000000e0000000,0x00000000e3400000,0x00000000e3400000)
  from space 512K, 0% used [0x00000000e4500000,0x00000000e4500000,0x00000000e4580000)
  to   space 17408K, 0% used [0x00000000e3400000,0x00000000e3400000,0x00000000e4500000)
 ParOldGen       total 131584K, used 22585K [0x00000000a0000000, 0x00000000a8080000, 0x00000000e0000000)
  object space 131584K, 17% used [0x00000000a0000000,0x00000000a160e4e0,0x00000000a8080000)
 Metaspace       used 39759K, capacity 40405K, committed 40744K, reserved 1085440K
  class space    used 5160K, capacity 5375K, committed 5416K, reserved 1048576K
Event: 33.472 GC heap after
Heap after GC invocations=10 (full 3):
 PSYoungGen      total 70656K, used 17379K [0x00000000e0000000, 0x00000000e7080000, 0x0000000100000000)
  eden space 53248K, 0% used [0x00000000e0000000,0x00000000e0000000,0x00000000e3400000)
  from space 17408K, 99% used [0x00000000e3400000,0x00000000e44f8ec8,0x00000000e4500000)
  to   space 20480K, 0% used [0x00000000e5c80000,0x00000000e5c80000,0x00000000e7080000)
 ParOldGen       total 131584K, used 23072K [0x00000000a0000000, 0x00000000a8080000, 0x00000000e0000000)
  object space 131584K, 17% used [0x00000000a0000000,0x00000000a16880e0,0x00000000a8080000)
 Metaspace       used 39759K, capacity 40405K, committed 40744K, reserved 1085440K
  class space    used 5160K, capacity 5375K, committed 5416K, reserved 1048576K
}
Event: 36.309 GC heap before
{Heap before GC invocations=11 (full 3):
 PSYoungGen      total 70656K, used 70627K [0x00000000e0000000, 0x00000000e7080000, 0x0000000100000000)
  eden space 53248K, 100% used [0x00000000e0000000,0x00000000e3400000,0x00000000e3400000)
  from space 17408K, 99% used [0x00000000e3400000,0x00000000e44f8ec8,0x00000000e4500000)
  to   space 20480K, 0% used [0x00000000e5c80000,0x00000000e5c80000,0x00000000e7080000)
 ParOldGen       total 131584K, used 23072K [0x00000000a0000000, 0x00000000a8080000, 0x00000000e0000000)
  object space 131584K, 17% used [0x00000000a0000000,0x00000000a16880e0,0x00000000a8080000)
 Metaspace       used 44225K, capacity 45029K, committed 45352K, reserved 1089536K
  class space    used 5668K, capacity 5909K, committed 5928K, reserved 1048576K
Event: 36.367 GC heap after
Heap after GC invocations=11 (full 3):
 PSYoungGen      total 88576K, used 20477K [0x00000000e0000000, 0x00000000e7f00000, 0x0000000100000000)
  eden space 68096K, 0% used [0x00000000e0000000,0x00000000e0000000,0x00000000e4280000)
  from space 20480K, 99% used [0x00000000e5c80000,0x00000000e707f640,0x00000000e7080000)
  to   space 26624K, 0% used [0x00000000e4280000,0x00000000e4280000,0x00000000e5c80000)
 ParOldGen       total 131584K, used 28769K [0x00000000a0000000, 0x00000000a8080000, 0x00000000e0000000)
  object space 131584K, 21% used [0x00000000a0000000,0x00000000a1c186f8,0x00000000a8080000)
 Metaspace       used 44225K, capacity 45029K, committed 45352K, reserved 1089536K
  class space    used 5668K, capacity 5909K, committed 5928K, reserved 1048576K
}
Event: 39.608 GC heap before
{Heap before GC invocations=12 (full 3):
 PSYoungGen      total 88576K, used 88573K [0x00000000e0000000, 0x00000000e7f00000, 0x0000000100000000)
  eden space 68096K, 100% used [0x00000000e0000000,0x00000000e4280000,0x00000000e4280000)
  from space 20480K, 99% used [0x00000000e5c80000,0x00000000e707f640,0x00000000e7080000)
  to   space 26624K, 0% used [0x00000000e4280000,0x00000000e4280000,0x00000000e5c80000)
 ParOldGen       total 131584K, used 28769K [0x00000000a0000000, 0x00000000a8080000, 0x00000000e0000000)
  object space 131584K, 21% used [0x00000000a0000000,0x00000000a1c186f8,0x00000000a8080000)
 Metaspace       used 47582K, capacity 48477K, committed 48808K, reserved 1091584K
  class space    used 5943K, capacity 6195K, committed 6312K, reserved 1048576K
Event: 39.743 GC heap after
Heap after GC invocations=12 (full 3):
 PSYoungGen      total 94720K, used 26605K [0x00000000e0000000, 0x00000000ea900000, 0x0000000100000000)
  eden space 68096K, 0% used [0x00000000e0000000,0x00000000e0000000,0x00000000e4280000)
  from space 26624K, 99% used [0x00000000e4280000,0x00000000e5c7b6c0,0x00000000e5c80000)
  to   space 33792K, 0% used [0x00000000e8800000,0x00000000e8800000,0x00000000ea900000)
 ParOldGen       total 131584K, used 36412K [0x00000000a0000000, 0x00000000a8080000, 0x00000000e0000000)
  object space 131584K, 27% used [0x00000000a0000000,0x00000000a238f0e8,0x00000000a8080000)
 Metaspace       used 47582K, capacity 48477K, committed 48808K, reserved 1091584K
  class space    used 5943K, capacity 6195K, committed 6312K, reserved 1048576K
}
Event: 43.218 GC heap before
{Heap before GC invocations=13 (full 3):
 PSYoungGen      total 94720K, used 94701K [0x00000000e0000000, 0x00000000ea900000, 0x0000000100000000)
  eden space 68096K, 100% used [0x00000000e0000000,0x00000000e4280000,0x00000000e4280000)
  from space 26624K, 99% used [0x00000000e4280000,0x00000000e5c7b6c0,0x00000000e5c80000)
  to   space 33792K, 0% used [0x00000000e8800000,0x00000000e8800000,0x00000000ea900000)
 ParOldGen       total 131584K, used 36412K [0x00000000a0000000, 0x00000000a8080000, 0x00000000e0000000)
  object space 131584K, 27% used [0x00000000a0000000,0x00000000a238f0e8,0x00000000a8080000)
 Metaspace       used 47796K, capacity 48681K, committed 49064K, reserved 1091584K
  class space    used 5943K, capacity 6195K, committed 6312K, reserved 1048576K
Event: 43.408 GC heap after
Heap after GC invocations=13 (full 3):
 PSYoungGen      total 122880K, used 29058K [0x00000000e0000000, 0x00000000ea480000, 0x0000000100000000)
  eden space 93696K, 0% used [0x00000000e0000000,0x00000000e0000000,0x00000000e5b80000)
  from space 29184K, 99% used [0x00000000e8800000,0x00000000ea4608a0,0x00000000ea480000)
  to   space 37376K, 0% used [0x00000000e5b80000,0x00000000e5b80000,0x00000000e8000000)
 ParOldGen       total 131584K, used 45510K [0x00000000a0000000, 0x00000000a8080000, 0x00000000e0000000)
  object space 131584K, 34% used [0x00000000a0000000,0x00000000a2c71a00,0x00000000a8080000)
 Metaspace       used 47796K, capacity 48681K, committed 49064K, reserved 1091584K
  class space    used 5943K, capacity 6195K, committed 6312K, reserved 1048576K
}

