# JRE version: OpenJDK Runtime Environment (8.0_152-b01) (build 1.8.0_152-release-1343-b01)
# Java VM: OpenJDK 64-Bit Server VM (25.152-b01 mixed mode windows-amd64 compressed oops)
Heap:
 PSYoungGen      total 347648K, used 268627K [0x00000000e0000000, 0x00000000f7100000, 0x0000000100000000)
  eden space 318976K, 82% used [0x00000000e0000000,0x00000000f006b2c0,0x00000000f3780000)
  from space 28672K, 21% used [0x00000000f5280000,0x00000000f5869ab8,0x00000000f6e80000)
  to   space 27648K, 0% used [0x00000000f3780000,0x00000000f3780000,0x00000000f5280000)
 ParOldGen       total 226304K, used 77498K [0x00000000a0000000, 0x00000000add00000, 0x00000000e0000000)
  object space 226304K, 34% used [0x00000000a0000000,0x00000000a4baeb78,0x00000000add00000)
 Metaspace       used 103571K, capacity 108078K, committed 108184K, reserved 1142784K
  class space    used 13047K, capacity 13892K, committed 13976K, reserved 1048576K
GC Heap History (10 events):
Event: 710.121 GC heap before
{Heap before GC invocations=32 (full 4):
 PSYoungGen      total 321536K, used 292721K [0x00000000e0000000, 0x00000000f5d00000, 0x0000000100000000)
  eden space 286720K, 100% used [0x00000000e0000000,0x00000000f1800000,0x00000000f1800000)
  from space 34816K, 17% used [0x00000000f1800000,0x00000000f1ddc578,0x00000000f3a00000)
  to   space 34816K, 0% used [0x00000000f3a00000,0x00000000f3a00000,0x00000000f5c00000)
 ParOldGen       total 226304K, used 77474K [0x00000000a0000000, 0x00000000add00000, 0x00000000e0000000)
  object space 226304K, 34% used [0x00000000a0000000,0x00000000a4ba8b78,0x00000000add00000)
 Metaspace       used 103169K, capacity 107690K, committed 107928K, reserved 1142784K
  class space    used 13031K, capacity 13878K, committed 13976K, reserved 1048576K
Event: 710.183 GC heap after
Heap after GC invocations=32 (full 4):
 PSYoungGen      total 326144K, used 6474K [0x00000000e0000000, 0x00000000f6f00000, 0x0000000100000000)
  eden space 291328K, 0% used [0x00000000e0000000,0x00000000e0000000,0x00000000f1c80000)
  from space 34816K, 18% used [0x00000000f3a00000,0x00000000f40528d8,0x00000000f5c00000)
  to   space 30208K, 0% used [0x00000000f1c80000,0x00000000f1c80000,0x00000000f3a00000)
 ParOldGen       total 226304K, used 77474K [0x00000000a0000000, 0x00000000add00000, 0x00000000e0000000)
  object space 226304K, 34% used [0x00000000a0000000,0x00000000a4ba8b78,0x00000000add00000)
 Metaspace       used 103169K, capacity 107690K, committed 107928K, reserved 1142784K
  class space    used 13031K, capacity 13878K, committed 13976K, reserved 1048576K
}
Event: 714.206 GC heap before
{Heap before GC invocations=33 (full 4):
 PSYoungGen      total 326144K, used 297802K [0x00000000e0000000, 0x00000000f6f00000, 0x0000000100000000)
  eden space 291328K, 100% used [0x00000000e0000000,0x00000000f1c80000,0x00000000f1c80000)
  from space 34816K, 18% used [0x00000000f3a00000,0x00000000f40528d8,0x00000000f5c00000)
  to   space 30208K, 0% used [0x00000000f1c80000,0x00000000f1c80000,0x00000000f3a00000)
 ParOldGen       total 226304K, used 77474K [0x00000000a0000000, 0x00000000add00000, 0x00000000e0000000)
  object space 226304K, 34% used [0x00000000a0000000,0x00000000a4ba8b78,0x00000000add00000)
 Metaspace       used 103210K, capacity 107690K, committed 107928K, reserved 1142784K
  class space    used 13031K, capacity 13878K, committed 13976K, reserved 1048576K
Event: 714.233 GC heap after
Heap after GC invocations=33 (full 4):
 PSYoungGen      total 321536K, used 8534K [0x00000000e0000000, 0x00000000f6e80000, 0x0000000100000000)
  eden space 291328K, 0% used [0x00000000e0000000,0x00000000e0000000,0x00000000f1c80000)
  from space 30208K, 28% used [0x00000000f1c80000,0x00000000f24d5b38,0x00000000f3a00000)
  to   space 28672K, 0% used [0x00000000f5280000,0x00000000f5280000,0x00000000f6e80000)
 ParOldGen       total 226304K, used 77482K [0x00000000a0000000, 0x00000000add00000, 0x00000000e0000000)
  object space 226304K, 34% used [0x00000000a0000000,0x00000000a4baab78,0x00000000add00000)
 Metaspace       used 103210K, capacity 107690K, committed 107928K, reserved 1142784K
  class space    used 13031K, capacity 13878K, committed 13976K, reserved 1048576K
}
Event: 716.727 GC heap before
{Heap before GC invocations=34 (full 4):
 PSYoungGen      total 321536K, used 299862K [0x00000000e0000000, 0x00000000f6e80000, 0x0000000100000000)
  eden space 291328K, 100% used [0x00000000e0000000,0x00000000f1c80000,0x00000000f1c80000)
  from space 30208K, 28% used [0x00000000f1c80000,0x00000000f24d5b38,0x00000000f3a00000)
  to   space 28672K, 0% used [0x00000000f5280000,0x00000000f5280000,0x00000000f6e80000)
 ParOldGen       total 226304K, used 77482K [0x00000000a0000000, 0x00000000add00000, 0x00000000e0000000)
  object space 226304K, 34% used [0x00000000a0000000,0x00000000a4baab78,0x00000000add00000)
 Metaspace       used 103241K, capacity 107692K, committed 107928K, reserved 1142784K
  class space    used 13033K, capacity 13879K, committed 13976K, reserved 1048576K
Event: 716.786 GC heap after
Heap after GC invocations=34 (full 4):
 PSYoungGen      total 347648K, used 8888K [0x00000000e0000000, 0x00000000f7100000, 0x0000000100000000)
  eden space 318976K, 0% used [0x00000000e0000000,0x00000000e0000000,0x00000000f3780000)
  from space 28672K, 31% used [0x00000000f5280000,0x00000000f5b2e288,0x00000000f6e80000)
  to   space 27648K, 0% used [0x00000000f3780000,0x00000000f3780000,0x00000000f5280000)
 ParOldGen       total 226304K, used 77482K [0x00000000a0000000, 0x00000000add00000, 0x00000000e0000000)
  object space 226304K, 34% used [0x00000000a0000000,0x00000000a4baab78,0x00000000add00000)
 Metaspace       used 103241K, capacity 107692K, committed 107928K, reserved 1142784K
  class space    used 13033K, capacity 13879K, committed 13976K, reserved 1048576K
}
Event: 720.330 GC heap before
{Heap before GC invocations=35 (full 4):
 PSYoungGen      total 347648K, used 327864K [0x00000000e0000000, 0x00000000f7100000, 0x0000000100000000)
  eden space 318976K, 100% used [0x00000000e0000000,0x00000000f3780000,0x00000000f3780000)
  from space 28672K, 31% used [0x00000000f5280000,0x00000000f5b2e288,0x00000000f6e80000)
  to   space 27648K, 0% used [0x00000000f3780000,0x00000000f3780000,0x00000000f5280000)
 ParOldGen       total 226304K, used 77482K [0x00000000a0000000, 0x00000000add00000, 0x00000000e0000000)
  object space 226304K, 34% used [0x00000000a0000000,0x00000000a4baab78,0x00000000add00000)
 Metaspace       used 103282K, capacity 107758K, committed 107928K, reserved 1142784K
  class space    used 13033K, capacity 13880K, committed 13976K, reserved 1048576K
Event: 720.362 GC heap after
Heap after GC invocations=35 (full 4):
 PSYoungGen      total 346624K, used 6141K [0x00000000e0000000, 0x00000000f7100000, 0x0000000100000000)
  eden space 318976K, 0% used [0x00000000e0000000,0x00000000e0000000,0x00000000f3780000)
  from space 27648K, 22% used [0x00000000f3780000,0x00000000f3d7f7c0,0x00000000f5280000)
  to   space 28672K, 0% used [0x00000000f5280000,0x00000000f5280000,0x00000000f6e80000)
 ParOldGen       total 226304K, used 77490K [0x00000000a0000000, 0x00000000add00000, 0x00000000e0000000)
  object space 226304K, 34% used [0x00000000a0000000,0x00000000a4bacb78,0x00000000add00000)
 Metaspace       used 103282K, capacity 107758K, committed 107928K, reserved 1142784K
  class space    used 13033K, capacity 13880K, committed 13976K, reserved 1048576K
}
Event: 724.287 GC heap before
{Heap before GC invocations=36 (full 4):
 PSYoungGen      total 346624K, used 325117K [0x00000000e0000000, 0x00000000f7100000, 0x0000000100000000)
  eden space 318976K, 100% used [0x00000000e0000000,0x00000000f3780000,0x00000000f3780000)
  from space 27648K, 22% used [0x00000000f3780000,0x00000000f3d7f7c0,0x00000000f5280000)
  to   space 28672K, 0% used [0x00000000f5280000,0x00000000f5280000,0x00000000f6e80000)
 ParOldGen       total 226304K, used 77490K [0x00000000a0000000, 0x00000000add00000, 0x00000000e0000000)
  object space 226304K, 34% used [0x00000000a0000000,0x00000000a4bacb78,0x00000000add00000)
 Metaspace       used 103519K, capacity 107980K, committed 108184K, reserved 1142784K
  class space    used 13042K, capacity 13885K, committed 13976K, reserved 1048576K
Event: 724.309 GC heap after
Heap after GC invocations=36 (full 4):
 PSYoungGen      total 347648K, used 6054K [0x00000000e0000000, 0x00000000f7100000, 0x0000000100000000)
  eden space 318976K, 0% used [0x00000000e0000000,0x00000000e0000000,0x00000000f3780000)
  from space 28672K, 21% used [0x00000000f5280000,0x00000000f5869ab8,0x00000000f6e80000)
  to   space 27648K, 0% used [0x00000000f3780000,0x00000000f3780000,0x00000000f5280000)
 ParOldGen       total 226304K, used 77498K [0x00000000a0000000, 0x00000000add00000, 0x00000000e0000000)
  object space 226304K, 34% used [0x00000000a0000000,0x00000000a4baeb78,0x00000000add00000)
 Metaspace       used 103519K, capacity 107980K, committed 108184K, reserved 1142784K
  class space    used 13042K, capacity 13885K, committed 13976K, reserved 1048576K
}

