# JRE version: OpenJDK Runtime Environment (8.0_152-b01) (build 1.8.0_152-release-1343-b01)
# Java VM: OpenJDK 64-Bit Server VM (25.152-b01 mixed mode windows-amd64 compressed oops)
Heap:
 PSYoungGen      total 138752K, used 62265K [0x00000000e0000000, 0x00000000ea800000, 0x0000000100000000)
  eden space 126976K, 49% used [0x00000000e0000000,0x00000000e3cce6c8,0x00000000e7c00000)
  from space 11776K, 0% used [0x00000000e9c80000,0x00000000e9c80000,0x00000000ea800000)
  to   space 9728K, 0% used [0x00000000e7c00000,0x00000000e7c00000,0x00000000e8580000)
 ParOldGen       total 97792K, used 15746K [0x00000000a0000000, 0x00000000a5f80000, 0x00000000e0000000)
  object space 97792K, 16% used [0x00000000a0000000,0x00000000a0f60b58,0x00000000a5f80000)
 Metaspace       used 41838K, capacity 42704K, committed 42880K, reserved 1085440K
  class space    used 5679K, capacity 5918K, committed 6016K, reserved 1048576K
GC Heap History (10 events):
Event: 9.190 GC heap before
{Heap before GC invocations=6 (full 1):
 PSYoungGen      total 69632K, used 5088K [0x00000000e0000000, 0x00000000e9100000, 0x0000000100000000)
  eden space 64512K, 0% used [0x00000000e0000000,0x00000000e0000000,0x00000000e3f00000)
  from space 5120K, 99% used [0x00000000e3f00000,0x00000000e43f8168,0x00000000e4400000)
  to   space 9728K, 0% used [0x00000000e8780000,0x00000000e8780000,0x00000000e9100000)
 ParOldGen       total 86016K, used 10523K [0x00000000a0000000, 0x00000000a5400000, 0x00000000e0000000)
  object space 86016K, 12% used [0x00000000a0000000,0x00000000a0a46fd0,0x00000000a5400000)
 Metaspace       used 20641K, capacity 21106K, committed 21296K, reserved 1067008K
  class space    used 2900K, capacity 3087K, committed 3200K, reserved 1048576K
Event: 9.285 GC heap after
Heap after GC invocations=6 (full 1):
 PSYoungGen      total 69632K, used 0K [0x00000000e0000000, 0x00000000e9100000, 0x0000000100000000)
  eden space 64512K, 0% used [0x00000000e0000000,0x00000000e0000000,0x00000000e3f00000)
  from space 5120K, 0% used [0x00000000e3f00000,0x00000000e3f00000,0x00000000e4400000)
  to   space 9728K, 0% used [0x00000000e8780000,0x00000000e8780000,0x00000000e9100000)
 ParOldGen       total 67072K, used 13595K [0x00000000a0000000, 0x00000000a4180000, 0x00000000e0000000)
  object space 67072K, 20% used [0x00000000a0000000,0x00000000a0d46c78,0x00000000a4180000)
 Metaspace       used 20641K, capacity 21106K, committed 21296K, reserved 1067008K
  class space    used 2900K, capacity 3087K, committed 3200K, reserved 1048576K
}
Event: 11.301 GC heap before
{Heap before GC invocations=7 (full 1):
 PSYoungGen      total 69632K, used 64512K [0x00000000e0000000, 0x00000000e9100000, 0x0000000100000000)
  eden space 64512K, 100% used [0x00000000e0000000,0x00000000e3f00000,0x00000000e3f00000)
  from space 5120K, 0% used [0x00000000e3f00000,0x00000000e3f00000,0x00000000e4400000)
  to   space 9728K, 0% used [0x00000000e8780000,0x00000000e8780000,0x00000000e9100000)
 ParOldGen       total 67072K, used 13595K [0x00000000a0000000, 0x00000000a4180000, 0x00000000e0000000)
  object space 67072K, 20% used [0x00000000a0000000,0x00000000a0d46c78,0x00000000a4180000)
 Metaspace       used 28584K, capacity 29098K, committed 29440K, reserved 1075200K
  class space    used 3846K, capacity 4034K, committed 4096K, reserved 1048576K
Event: 11.318 GC heap after
Heap after GC invocations=7 (full 1):
 PSYoungGen      total 106496K, used 7654K [0x00000000e0000000, 0x00000000e8f00000, 0x0000000100000000)
  eden space 98816K, 0% used [0x00000000e0000000,0x00000000e0000000,0x00000000e6080000)
  from space 7680K, 99% used [0x00000000e8780000,0x00000000e8ef99c0,0x00000000e8f00000)
  to   space 9728K, 0% used [0x00000000e7c00000,0x00000000e7c00000,0x00000000e8580000)
 ParOldGen       total 67072K, used 13603K [0x00000000a0000000, 0x00000000a4180000, 0x00000000e0000000)
  object space 67072K, 20% used [0x00000000a0000000,0x00000000a0d48c78,0x00000000a4180000)
 Metaspace       used 28584K, capacity 29098K, committed 29440K, reserved 1075200K
  class space    used 3846K, capacity 4034K, committed 4096K, reserved 1048576K
}
Event: 14.363 GC heap before
{Heap before GC invocations=8 (full 1):
 PSYoungGen      total 106496K, used 106470K [0x00000000e0000000, 0x00000000e8f00000, 0x0000000100000000)
  eden space 98816K, 100% used [0x00000000e0000000,0x00000000e6080000,0x00000000e6080000)
  from space 7680K, 99% used [0x00000000e8780000,0x00000000e8ef99c0,0x00000000e8f00000)
  to   space 9728K, 0% used [0x00000000e7c00000,0x00000000e7c00000,0x00000000e8580000)
 ParOldGen       total 67072K, used 13603K [0x00000000a0000000, 0x00000000a4180000, 0x00000000e0000000)
  object space 67072K, 20% used [0x00000000a0000000,0x00000000a0d48c78,0x00000000a4180000)
 Metaspace       used 33476K, capacity 34134K, committed 34304K, reserved 1079296K
  class space    used 4595K, capacity 4801K, committed 4864K, reserved 1048576K
Event: 14.385 GC heap after
Heap after GC invocations=8 (full 1):
 PSYoungGen      total 136704K, used 9706K [0x00000000e0000000, 0x00000000ea800000, 0x0000000100000000)
  eden space 126976K, 0% used [0x00000000e0000000,0x00000000e0000000,0x00000000e7c00000)
  from space 9728K, 99% used [0x00000000e7c00000,0x00000000e857a920,0x00000000e8580000)
  to   space 11776K, 0% used [0x00000000e9c80000,0x00000000e9c80000,0x00000000ea800000)
 ParOldGen       total 67072K, used 15142K [0x00000000a0000000, 0x00000000a4180000, 0x00000000e0000000)
  object space 67072K, 22% used [0x00000000a0000000,0x00000000a0ec9a50,0x00000000a4180000)
 Metaspace       used 33476K, capacity 34134K, committed 34304K, reserved 1079296K
  class space    used 4595K, capacity 4801K, committed 4864K, reserved 1048576K
}
Event: 15.046 GC heap before
{Heap before GC invocations=9 (full 1):
 PSYoungGen      total 136704K, used 31017K [0x00000000e0000000, 0x00000000ea800000, 0x0000000100000000)
  eden space 126976K, 16% used [0x00000000e0000000,0x00000000e14cfc98,0x00000000e7c00000)
  from space 9728K, 99% used [0x00000000e7c00000,0x00000000e857a920,0x00000000e8580000)
  to   space 11776K, 0% used [0x00000000e9c80000,0x00000000e9c80000,0x00000000ea800000)
 ParOldGen       total 67072K, used 15142K [0x00000000a0000000, 0x00000000a4180000, 0x00000000e0000000)
  object space 67072K, 22% used [0x00000000a0000000,0x00000000a0ec9a50,0x00000000a4180000)
 Metaspace       used 34649K, capacity 35394K, committed 35456K, reserved 1079296K
  class space    used 4768K, capacity 4984K, committed 4992K, reserved 1048576K
Event: 15.067 GC heap after
Heap after GC invocations=9 (full 1):
 PSYoungGen      total 138752K, used 8791K [0x00000000e0000000, 0x00000000ea800000, 0x0000000100000000)
  eden space 126976K, 0% used [0x00000000e0000000,0x00000000e0000000,0x00000000e7c00000)
  from space 11776K, 74% used [0x00000000e9c80000,0x00000000ea515e28,0x00000000ea800000)
  to   space 9728K, 0% used [0x00000000e7c00000,0x00000000e7c00000,0x00000000e8580000)
 ParOldGen       total 67072K, used 15142K [0x00000000a0000000, 0x00000000a4180000, 0x00000000e0000000)
  object space 67072K, 22% used [0x00000000a0000000,0x00000000a0ec9a50,0x00000000a4180000)
 Metaspace       used 34649K, capacity 35394K, committed 35456K, reserved 1079296K
  class space    used 4768K, capacity 4984K, committed 4992K, reserved 1048576K
}
Event: 15.067 GC heap before
{Heap before GC invocations=10 (full 2):
 PSYoungGen      total 138752K, used 8791K [0x00000000e0000000, 0x00000000ea800000, 0x0000000100000000)
  eden space 126976K, 0% used [0x00000000e0000000,0x00000000e0000000,0x00000000e7c00000)
  from space 11776K, 74% used [0x00000000e9c80000,0x00000000ea515e28,0x00000000ea800000)
  to   space 9728K, 0% used [0x00000000e7c00000,0x00000000e7c00000,0x00000000e8580000)
 ParOldGen       total 67072K, used 15142K [0x00000000a0000000, 0x00000000a4180000, 0x00000000e0000000)
  object space 67072K, 22% used [0x00000000a0000000,0x00000000a0ec9a50,0x00000000a4180000)
 Metaspace       used 34649K, capacity 35394K, committed 35456K, reserved 1079296K
  class space    used 4768K, capacity 4984K, committed 4992K, reserved 1048576K
Event: 15.292 GC heap after
Heap after GC invocations=10 (full 2):
 PSYoungGen      total 138752K, used 0K [0x00000000e0000000, 0x00000000ea800000, 0x0000000100000000)
  eden space 126976K, 0% used [0x00000000e0000000,0x00000000e0000000,0x00000000e7c00000)
  from space 11776K, 0% used [0x00000000e9c80000,0x00000000e9c80000,0x00000000ea800000)
  to   space 9728K, 0% used [0x00000000e7c00000,0x00000000e7c00000,0x00000000e8580000)
 ParOldGen       total 97792K, used 15746K [0x00000000a0000000, 0x00000000a5f80000, 0x00000000e0000000)
  object space 97792K, 16% used [0x00000000a0000000,0x00000000a0f60b58,0x00000000a5f80000)
 Metaspace       used 34649K, capacity 35394K, committed 35456K, reserved 1079296K
  class space    used 4768K, capacity 4984K, committed 4992K, reserved 1048576K
}

