# JRE version: OpenJDK Runtime Environment (8.0_152-b01) (build 1.8.0_152-release-1343-b01)
# Java VM: OpenJDK 64-Bit Server VM (25.152-b01 mixed mode windows-amd64 compressed oops)
Heap:
 PSYoungGen      total 134144K, used 32734K [0x00000000e0000000, 0x00000000ece00000, 0x0000000100000000)
  eden space 99840K, 0% used [0x00000000e0000000,0x00000000e0000000,0x00000000e6180000)
  from space 34304K, 95% used [0x00000000e6180000,0x00000000e8177a98,0x00000000e8300000)
  to   space 38912K, 0% used [0x00000000ea800000,0x00000000ea800000,0x00000000ece00000)
 ParOldGen       total 121856K, used 42994K [0x00000000a0000000, 0x00000000a7700000, 0x00000000e0000000)
  object space 121856K, 35% used [0x00000000a0000000,0x00000000a29fc880,0x00000000a7700000)
 Metaspace       used 57838K, capacity 59007K, committed 59160K, reserved 1101824K
  class space    used 7280K, capacity 7584K, committed 7600K, reserved 1048576K
GC Heap History (10 events):
Event: 28.967 GC heap after
Heap after GC invocations=10 (full 3):
 PSYoungGen      total 70656K, used 13584K [0x00000000e0000000, 0x00000000e6d80000, 0x0000000100000000)
  eden space 54784K, 0% used [0x00000000e0000000,0x00000000e0000000,0x00000000e3580000)
  from space 15872K, 85% used [0x00000000e3580000,0x00000000e42c4200,0x00000000e4500000)
  to   space 17408K, 0% used [0x00000000e5c80000,0x00000000e5c80000,0x00000000e6d80000)
 ParOldGen       total 121856K, used 21676K [0x00000000a0000000, 0x00000000a7700000, 0x00000000e0000000)
  object space 121856K, 17% used [0x00000000a0000000,0x00000000a152b328,0x00000000a7700000)
 Metaspace       used 42563K, capacity 43331K, committed 43688K, reserved 1087488K
  class space    used 5592K, capacity 5804K, committed 5808K, reserved 1048576K
}
Event: 31.328 GC heap before
{Heap before GC invocations=11 (full 3):
 PSYoungGen      total 70656K, used 68368K [0x00000000e0000000, 0x00000000e6d80000, 0x0000000100000000)
  eden space 54784K, 100% used [0x00000000e0000000,0x00000000e3580000,0x00000000e3580000)
  from space 15872K, 85% used [0x00000000e3580000,0x00000000e42c4200,0x00000000e4500000)
  to   space 17408K, 0% used [0x00000000e5c80000,0x00000000e5c80000,0x00000000e6d80000)
 ParOldGen       total 121856K, used 21676K [0x00000000a0000000, 0x00000000a7700000, 0x00000000e0000000)
  object space 121856K, 17% used [0x00000000a0000000,0x00000000a152b328,0x00000000a7700000)
 Metaspace       used 46210K, capacity 47031K, committed 47400K, reserved 1091584K
  class space    used 5951K, capacity 6174K, committed 6192K, reserved 1048576K
Event: 31.379 GC heap after
Heap after GC invocations=11 (full 3):
 PSYoungGen      total 92672K, used 16341K [0x00000000e0000000, 0x00000000e7380000, 0x0000000100000000)
  eden space 75264K, 0% used [0x00000000e0000000,0x00000000e0000000,0x00000000e4980000)
  from space 17408K, 93% used [0x00000000e5c80000,0x00000000e6c75478,0x00000000e6d80000)
  to   space 19456K, 0% used [0x00000000e4980000,0x00000000e4980000,0x00000000e5c80000)
 ParOldGen       total 121856K, used 21684K [0x00000000a0000000, 0x00000000a7700000, 0x00000000e0000000)
  object space 121856K, 17% used [0x00000000a0000000,0x00000000a152d328,0x00000000a7700000)
 Metaspace       used 46210K, capacity 47031K, committed 47400K, reserved 1091584K
  class space    used 5951K, capacity 6174K, committed 6192K, reserved 1048576K
}
Event: 34.998 GC heap before
{Heap before GC invocations=12 (full 3):
 PSYoungGen      total 92672K, used 91605K [0x00000000e0000000, 0x00000000e7380000, 0x0000000100000000)
  eden space 75264K, 100% used [0x00000000e0000000,0x00000000e4980000,0x00000000e4980000)
  from space 17408K, 93% used [0x00000000e5c80000,0x00000000e6c75478,0x00000000e6d80000)
  to   space 19456K, 0% used [0x00000000e4980000,0x00000000e4980000,0x00000000e5c80000)
 ParOldGen       total 121856K, used 21684K [0x00000000a0000000, 0x00000000a7700000, 0x00000000e0000000)
  object space 121856K, 17% used [0x00000000a0000000,0x00000000a152d328,0x00000000a7700000)
 Metaspace       used 49874K, capacity 50861K, committed 51240K, reserved 1093632K
  class space    used 6403K, capacity 6637K, committed 6704K, reserved 1048576K
Event: 35.081 GC heap after
Heap after GC invocations=12 (full 3):
 PSYoungGen      total 94720K, used 19440K [0x00000000e0000000, 0x00000000e9e00000, 0x0000000100000000)
  eden space 75264K, 0% used [0x00000000e0000000,0x00000000e0000000,0x00000000e4980000)
  from space 19456K, 99% used [0x00000000e4980000,0x00000000e5c7c3e8,0x00000000e5c80000)
  to   space 25600K, 0% used [0x00000000e8500000,0x00000000e8500000,0x00000000e9e00000)
 ParOldGen       total 121856K, used 29444K [0x00000000a0000000, 0x00000000a7700000, 0x00000000e0000000)
  object space 121856K, 24% used [0x00000000a0000000,0x00000000a1cc1060,0x00000000a7700000)
 Metaspace       used 49874K, capacity 50861K, committed 51240K, reserved 1093632K
  class space    used 6403K, capacity 6637K, committed 6704K, reserved 1048576K
}
Event: 38.412 GC heap before
{Heap before GC invocations=13 (full 3):
 PSYoungGen      total 94720K, used 94704K [0x00000000e0000000, 0x00000000e9e00000, 0x0000000100000000)
  eden space 75264K, 100% used [0x00000000e0000000,0x00000000e4980000,0x00000000e4980000)
  from space 19456K, 99% used [0x00000000e4980000,0x00000000e5c7c3e8,0x00000000e5c80000)
  to   space 25600K, 0% used [0x00000000e8500000,0x00000000e8500000,0x00000000e9e00000)
 ParOldGen       total 121856K, used 29444K [0x00000000a0000000, 0x00000000a7700000, 0x00000000e0000000)
  object space 121856K, 24% used [0x00000000a0000000,0x00000000a1cc1060,0x00000000a7700000)
 Metaspace       used 52973K, capacity 54075K, committed 54440K, reserved 1097728K
  class space    used 6776K, capacity 7066K, committed 7088K, reserved 1048576K
Event: 38.534 GC heap after
Heap after GC invocations=13 (full 3):
 PSYoungGen      total 125440K, used 25574K [0x00000000e0000000, 0x00000000ea480000, 0x0000000100000000)
  eden space 99840K, 0% used [0x00000000e0000000,0x00000000e0000000,0x00000000e6180000)
  from space 25600K, 99% used [0x00000000e8500000,0x00000000e9df9ac0,0x00000000e9e00000)
  to   space 34304K, 0% used [0x00000000e6180000,0x00000000e6180000,0x00000000e8300000)
 ParOldGen       total 121856K, used 42986K [0x00000000a0000000, 0x00000000a7700000, 0x00000000e0000000)
  object space 121856K, 35% used [0x00000000a0000000,0x00000000a29fa880,0x00000000a7700000)
 Metaspace       used 52973K, capacity 54075K, committed 54440K, reserved 1097728K
  class space    used 6776K, capacity 7066K, committed 7088K, reserved 1048576K
}
Event: 41.601 GC heap before
{Heap before GC invocations=14 (full 3):
 PSYoungGen      total 125440K, used 69983K [0x00000000e0000000, 0x00000000ea480000, 0x0000000100000000)
  eden space 99840K, 44% used [0x00000000e0000000,0x00000000e2b5e190,0x00000000e6180000)
  from space 25600K, 99% used [0x00000000e8500000,0x00000000e9df9ac0,0x00000000e9e00000)
  to   space 34304K, 0% used [0x00000000e6180000,0x00000000e6180000,0x00000000e8300000)
 ParOldGen       total 121856K, used 42986K [0x00000000a0000000, 0x00000000a7700000, 0x00000000e0000000)
  object space 121856K, 35% used [0x00000000a0000000,0x00000000a29fa880,0x00000000a7700000)
 Metaspace       used 57838K, capacity 59007K, committed 59160K, reserved 1101824K
  class space    used 7280K, capacity 7584K, committed 7600K, reserved 1048576K
Event: 41.696 GC heap after
Heap after GC invocations=14 (full 3):
 PSYoungGen      total 134144K, used 32734K [0x00000000e0000000, 0x00000000ece00000, 0x0000000100000000)
  eden space 99840K, 0% used [0x00000000e0000000,0x00000000e0000000,0x00000000e6180000)
  from space 34304K, 95% used [0x00000000e6180000,0x00000000e8177a98,0x00000000e8300000)
  to   space 38912K, 0% used [0x00000000ea800000,0x00000000ea800000,0x00000000ece00000)
 ParOldGen       total 121856K, used 42994K [0x00000000a0000000, 0x00000000a7700000, 0x00000000e0000000)
  object space 121856K, 35% used [0x00000000a0000000,0x00000000a29fc880,0x00000000a7700000)
 Metaspace       used 57838K, capacity 59007K, committed 59160K, reserved 1101824K
  class space    used 7280K, capacity 7584K, committed 7600K, reserved 1048576K
}
Event: 41.696 GC heap before
{Heap before GC invocations=15 (full 4):
 PSYoungGen      total 134144K, used 32734K [0x00000000e0000000, 0x00000000ece00000, 0x0000000100000000)
  eden space 99840K, 0% used [0x00000000e0000000,0x00000000e0000000,0x00000000e6180000)
  from space 34304K, 95% used [0x00000000e6180000,0x00000000e8177a98,0x00000000e8300000)
  to   space 38912K, 0% used [0x00000000ea800000,0x00000000ea800000,0x00000000ece00000)
 ParOldGen       total 121856K, used 42994K [0x00000000a0000000, 0x00000000a7700000, 0x00000000e0000000)
  object space 121856K, 35% used [0x00000000a0000000,0x00000000a29fc880,0x00000000a7700000)
 Metaspace       used 57838K, capacity 59007K, committed 59160K, reserved 1101824K
  class space    used 7280K, capacity 7584K, committed 7600K, reserved 1048576K

